{"C:\\Users\\Karen_Boyakhchyan\\Desktop\\full\\article_page\\server\\src\\app.ts": {"path":"C:\\Users\\Karen_Boyakhchyan\\Desktop\\full\\article_page\\server\\src\\app.ts","statementMap":{"0":{"start":{"line":1,"column":0},"end":{"line":1,"column":76}},"1":{"start":{"line":2,"column":0},"end":{"line":2,"column":24}},"2":{"start":{"line":3,"column":0},"end":{"line":3,"column":28}},"3":{"start":{"line":4,"column":0},"end":{"line":4,"column":28}},"4":{"start":{"line":5,"column":0},"end":{"line":5,"column":38}},"5":{"start":{"line":6,"column":0},"end":{"line":6,"column":51}},"6":{"start":{"line":7,"column":0},"end":{"line":7,"column":57}},"7":{"start":{"line":8,"column":0},"end":{"line":8,"column":53}},"8":{"start":{"line":10,"column":30},"end":{"line":26,"column":1}},"9":{"start":{"line":11,"column":16},"end":{"line":24,"column":26}},"10":{"start":{"line":19,"column":12},"end":{"line":19,"column":46}},"11":{"start":{"line":22,"column":12},"end":{"line":22,"column":86}},"12":{"start":{"line":25,"column":4},"end":{"line":25,"column":15}},"13":{"start":{"line":10,"column":13},"end":{"line":10,"column":30}}},"fnMap":{"0":{"name":"(anonymous_1)","decl":{"start":{"line":10,"column":30},"end":{"line":10,"column":42}},"loc":{"start":{"line":10,"column":44},"end":{"line":26,"column":1}}},"1":{"name":"(anonymous_2)","decl":{"start":{"line":18,"column":18},"end":{"line":18,"column":19}},"loc":{"start":{"line":18,"column":50},"end":{"line":20,"column":9}}},"2":{"name":"(anonymous_3)","decl":{"start":{"line":21,"column":18},"end":{"line":21,"column":19}},"loc":{"start":{"line":21,"column":70},"end":{"line":23,"column":9}}}},"branchMap":{},"s":{"0":0,"1":0,"2":0,"3":0,"4":0,"5":0,"6":0,"7":0,"8":0,"9":0,"10":0,"11":0,"12":0,"13":0},"f":{"0":0,"1":0,"2":0},"b":{}}
,"C:\\Users\\Karen_Boyakhchyan\\Desktop\\full\\article_page\\server\\src\\server.ts": {"path":"C:\\Users\\Karen_Boyakhchyan\\Desktop\\full\\article_page\\server\\src\\server.ts","statementMap":{"0":{"start":{"line":1,"column":0},"end":{"line":1,"column":26}},"1":{"start":{"line":2,"column":0},"end":{"line":2,"column":28}},"2":{"start":{"line":3,"column":0},"end":{"line":3,"column":43}},"3":{"start":{"line":4,"column":0},"end":{"line":4,"column":34}},"4":{"start":{"line":5,"column":0},"end":{"line":5,"column":39}},"5":{"start":{"line":7,"column":0},"end":{"line":7,"column":16}},"6":{"start":{"line":8,"column":12},"end":{"line":8,"column":28}},"7":{"start":{"line":10,"column":0},"end":{"line":22,"column":5}},"8":{"start":{"line":10,"column":12},"end":{"line":22,"column":2}},"9":{"start":{"line":11,"column":4},"end":{"line":16,"column":null}},"10":{"start":{"line":12,"column":8},"end":{"line":12,"column":39}},"11":{"start":{"line":14,"column":8},"end":{"line":14,"column":67}},"12":{"start":{"line":15,"column":8},"end":{"line":15,"column":24}},"13":{"start":{"line":17,"column":4},"end":{"line":17,"column":35}},"14":{"start":{"line":18,"column":21},"end":{"line":18,"column":32}},"15":{"start":{"line":19,"column":4},"end":{"line":21,"column":7}},"16":{"start":{"line":20,"column":8},"end":{"line":20,"column":65}}},"fnMap":{"0":{"name":"(anonymous_8)","decl":{"start":{"line":10,"column":1},"end":{"line":10,"column":10}},"loc":{"start":{"line":10,"column":12},"end":{"line":22,"column":2}}},"1":{"name":"(anonymous_9)","decl":{"start":{"line":10,"column":12},"end":{"line":10,"column":null}},"loc":{"start":{"line":10,"column":12},"end":{"line":22,"column":1}}},"2":{"name":"(anonymous_10)","decl":{"start":{"line":19,"column":21},"end":{"line":19,"column":24}},"loc":{"start":{"line":19,"column":26},"end":{"line":21,"column":5}}}},"branchMap":{},"s":{"0":0,"1":0,"2":0,"3":0,"4":0,"5":0,"6":0,"7":0,"8":0,"9":0,"10":0,"11":0,"12":0,"13":0,"14":0,"15":0,"16":0},"f":{"0":0,"1":0,"2":0},"b":{}}
,"C:\\Users\\Karen_Boyakhchyan\\Desktop\\full\\article_page\\server\\src\\controllers\\articleController.ts": {"path":"C:\\Users\\Karen_Boyakhchyan\\Desktop\\full\\article_page\\server\\src\\controllers\\articleController.ts","statementMap":{"0":{"start":{"line":2,"column":0},"end":{"line":2,"column":56}},"1":{"start":{"line":6,"column":0},"end":{"line":6,"column":50}},"2":{"start":{"line":7,"column":0},"end":{"line":7,"column":57}},"3":{"start":{"line":8,"column":0},"end":{"line":8,"column":51}},"4":{"start":{"line":20,"column":8},"end":{"line":28,"column":null}},"5":{"start":{"line":21,"column":29},"end":{"line":21,"column":70}},"6":{"start":{"line":22,"column":12},"end":{"line":24,"column":14}},"7":{"start":{"line":23,"column":16},"end":{"line":23,"column":null}},"8":{"start":{"line":25,"column":12},"end":{"line":25,"column":65}},"9":{"start":{"line":27,"column":12},"end":{"line":27,"column":null}},"10":{"start":{"line":34,"column":8},"end":{"line":45,"column":null}},"11":{"start":{"line":36,"column":43},"end":{"line":36,"column":53}},"12":{"start":{"line":37,"column":28},"end":{"line":37,"column":64}},"13":{"start":{"line":38,"column":12},"end":{"line":40,"column":14}},"14":{"start":{"line":39,"column":16},"end":{"line":39,"column":85}},"15":{"start":{"line":41,"column":12},"end":{"line":41,"column":64}},"16":{"start":{"line":44,"column":12},"end":{"line":44,"column":76}},"17":{"start":{"line":51,"column":8},"end":{"line":60,"column":null}},"18":{"start":{"line":52,"column":25},"end":{"line":52,"column":33}},"19":{"start":{"line":53,"column":31},"end":{"line":53,"column":75}},"20":{"start":{"line":54,"column":12},"end":{"line":56,"column":null}},"21":{"start":{"line":55,"column":16},"end":{"line":55,"column":null}},"22":{"start":{"line":57,"column":12},"end":{"line":57,"column":66}},"23":{"start":{"line":59,"column":12},"end":{"line":59,"column":76}},"24":{"start":{"line":66,"column":8},"end":{"line":76,"column":null}},"25":{"start":{"line":67,"column":25},"end":{"line":67,"column":33}},"26":{"start":{"line":68,"column":43},"end":{"line":68,"column":53}},"27":{"start":{"line":69,"column":35},"end":{"line":69,"column":83}},"28":{"start":{"line":70,"column":12},"end":{"line":72,"column":null}},"29":{"start":{"line":71,"column":16},"end":{"line":71,"column":87}},"30":{"start":{"line":73,"column":12},"end":{"line":73,"column":71}},"31":{"start":{"line":75,"column":12},"end":{"line":75,"column":27}},"32":{"start":{"line":82,"column":8},"end":{"line":91,"column":null}},"33":{"start":{"line":83,"column":42},"end":{"line":83,"column":52}},"34":{"start":{"line":84,"column":35},"end":{"line":84,"column":77}},"35":{"start":{"line":85,"column":12},"end":{"line":87,"column":null}},"36":{"start":{"line":86,"column":16},"end":{"line":86,"column":85}},"37":{"start":{"line":88,"column":12},"end":{"line":88,"column":81}},"38":{"start":{"line":90,"column":12},"end":{"line":90,"column":27}},"39":{"start":{"line":11,"column":0},"end":{"line":11,"column":13}}},"fnMap":{"0":{"name":"(anonymous_8)","decl":{"start":{"line":18,"column":4},"end":{"line":18,"column":10}},"loc":{"start":{"line":18,"column":79},"end":{"line":30,"column":6}}},"1":{"name":"(anonymous_10)","decl":{"start":{"line":32,"column":4},"end":{"line":32,"column":10}},"loc":{"start":{"line":32,"column":79},"end":{"line":47,"column":6}}},"2":{"name":"(anonymous_12)","decl":{"start":{"line":49,"column":4},"end":{"line":49,"column":10}},"loc":{"start":{"line":49,"column":78},"end":{"line":62,"column":6}}},"3":{"name":"(anonymous_14)","decl":{"start":{"line":64,"column":4},"end":{"line":64,"column":10}},"loc":{"start":{"line":64,"column":78},"end":{"line":78,"column":6}}},"4":{"name":"(anonymous_16)","decl":{"start":{"line":80,"column":4},"end":{"line":80,"column":10}},"loc":{"start":{"line":80,"column":78},"end":{"line":93,"column":6}}}},"branchMap":{"0":{"loc":{"start":{"line":22,"column":12},"end":{"line":24,"column":14}},"type":"if","locations":[{"start":{"line":22,"column":12},"end":{"line":24,"column":14}}]},"1":{"loc":{"start":{"line":38,"column":12},"end":{"line":40,"column":14}},"type":"if","locations":[{"start":{"line":38,"column":12},"end":{"line":40,"column":14}}]},"2":{"loc":{"start":{"line":54,"column":12},"end":{"line":56,"column":null}},"type":"if","locations":[{"start":{"line":54,"column":12},"end":{"line":56,"column":null}}]},"3":{"loc":{"start":{"line":70,"column":12},"end":{"line":72,"column":null}},"type":"if","locations":[{"start":{"line":70,"column":12},"end":{"line":72,"column":null}}]},"4":{"loc":{"start":{"line":85,"column":12},"end":{"line":87,"column":null}},"type":"if","locations":[{"start":{"line":85,"column":12},"end":{"line":87,"column":null}}]}},"s":{"0":1,"1":1,"2":1,"3":1,"4":0,"5":0,"6":0,"7":0,"8":0,"9":0,"10":0,"11":0,"12":0,"13":0,"14":0,"15":0,"16":0,"17":2,"18":2,"19":2,"20":2,"21":2,"22":0,"23":0,"24":0,"25":0,"26":0,"27":0,"28":0,"29":0,"30":0,"31":0,"32":0,"33":0,"34":0,"35":0,"36":0,"37":0,"38":0,"39":1},"f":{"0":0,"1":0,"2":2,"3":0,"4":0},"b":{"0":[0],"1":[0],"2":[2],"3":[0],"4":[0]}}
,"C:\\Users\\Karen_Boyakhchyan\\Desktop\\full\\article_page\\server\\src\\dtos\\article.dtos.ts": {"path":"C:\\Users\\Karen_Boyakhchyan\\Desktop\\full\\article_page\\server\\src\\dtos\\article.dtos.ts","statementMap":{"0":{"start":{"line":1,"column":0},"end":{"line":1,"column":39}},"1":{"start":{"line":3,"column":13},"end":{"line":8,"column":null}},"2":{"start":{"line":10,"column":13},"end":{"line":15,"column":null}}},"fnMap":{},"branchMap":{},"s":{"0":0,"1":0,"2":0},"f":{},"b":{}}
,"C:\\Users\\Karen_Boyakhchyan\\Desktop\\full\\article_page\\server\\src\\entities\\Articles.ts": {"path":"C:\\Users\\Karen_Boyakhchyan\\Desktop\\full\\article_page\\server\\src\\entities\\Articles.ts","statementMap":{"0":{"start":{"line":1,"column":0},"end":{"line":1,"column":null}},"1":{"start":{"line":16,"column":0},"end":{"line":34,"column":null}},"2":{"start":{"line":18,"column":4},"end":{"line":18,"column":null}},"3":{"start":{"line":21,"column":4},"end":{"line":21,"column":null}},"4":{"start":{"line":24,"column":4},"end":{"line":24,"column":null}},"5":{"start":{"line":27,"column":4},"end":{"line":27,"column":null}},"6":{"start":{"line":30,"column":4},"end":{"line":30,"column":null}},"7":{"start":{"line":33,"column":4},"end":{"line":33,"column":null}},"8":{"start":{"line":16,"column":13},"end":{"line":34,"column":null}},"9":{"start":{"line":16,"column":13},"end":{"line":16,"column":21}}},"fnMap":{},"branchMap":{},"s":{"0":1,"1":1,"2":1,"3":1,"4":1,"5":1,"6":1,"7":1,"8":1,"9":1},"f":{},"b":{}}
,"C:\\Users\\Karen_Boyakhchyan\\Desktop\\full\\article_page\\server\\src\\exceptions\\HttpError.ts": {"path":"C:\\Users\\Karen_Boyakhchyan\\Desktop\\full\\article_page\\server\\src\\exceptions\\HttpError.ts","statementMap":{"0":{"start":{"line":1,"column":0},"end":{"line":1,"column":36}},"1":{"start":{"line":2,"column":0},"end":{"line":2,"column":40}},"2":{"start":{"line":6,"column":4},"end":{"line":6,"column":56}},"3":{"start":{"line":10,"column":4},"end":{"line":10,"column":67}},"4":{"start":{"line":14,"column":4},"end":{"line":14,"column":58}},"5":{"start":{"line":18,"column":4},"end":{"line":18,"column":65}},"6":{"start":{"line":4,"column":0},"end":{"line":4,"column":13}}},"fnMap":{"0":{"name":"(anonymous_1)","decl":{"start":{"line":5,"column":2},"end":{"line":5,"column":8}},"loc":{"start":{"line":5,"column":33},"end":{"line":7,"column":3}}},"1":{"name":"(anonymous_2)","decl":{"start":{"line":9,"column":2},"end":{"line":9,"column":8}},"loc":{"start":{"line":9,"column":44},"end":{"line":11,"column":3}}},"2":{"name":"(anonymous_3)","decl":{"start":{"line":13,"column":2},"end":{"line":13,"column":8}},"loc":{"start":{"line":13,"column":35},"end":{"line":15,"column":3}}},"3":{"name":"(anonymous_4)","decl":{"start":{"line":17,"column":2},"end":{"line":17,"column":8}},"loc":{"start":{"line":17,"column":41},"end":{"line":19,"column":3}}}},"branchMap":{},"s":{"0":1,"1":1,"2":0,"3":0,"4":2,"5":0,"6":1},"f":{"0":0,"1":0,"2":2,"3":0},"b":{}}
,"C:\\Users\\Karen_Boyakhchyan\\Desktop\\full\\article_page\\server\\src\\exceptions\\errorHandler.ts": {"path":"C:\\Users\\Karen_Boyakhchyan\\Desktop\\full\\article_page\\server\\src\\exceptions\\errorHandler.ts","statementMap":{"0":{"start":{"line":4,"column":28},"end":{"line":15,"column":1}},"1":{"start":{"line":10,"column":2},"end":{"line":10,"column":41}},"2":{"start":{"line":12,"column":2},"end":{"line":14,"column":5}},"3":{"start":{"line":4,"column":13},"end":{"line":4,"column":28}}},"fnMap":{"0":{"name":"(anonymous_0)","decl":{"start":{"line":4,"column":28},"end":{"line":4,"column":null}},"loc":{"start":{"line":9,"column":4},"end":{"line":15,"column":1}}}},"branchMap":{"0":{"loc":{"start":{"line":10,"column":19},"end":{"line":10,"column":40}},"type":"binary-expr","locations":[{"start":{"line":10,"column":19},"end":{"line":10,"column":33}},{"start":{"line":10,"column":37},"end":{"line":10,"column":40}}]}},"s":{"0":0,"1":0,"2":0,"3":0},"f":{"0":0},"b":{"0":[0,0]}}
,"C:\\Users\\Karen_Boyakhchyan\\Desktop\\full\\article_page\\server\\src\\exceptions\\exception.ts": {"path":"C:\\Users\\Karen_Boyakhchyan\\Desktop\\full\\article_page\\server\\src\\exceptions\\exception.ts","statementMap":{"0":{"start":{"line":7,"column":8},"end":{"line":7,"column":23}},"1":{"start":{"line":8,"column":8},"end":{"line":8,"column":37}},"2":{"start":{"line":9,"column":8},"end":{"line":9,"column":31}},"3":{"start":{"line":13,"column":0},"end":{"line":13,"column":25}}},"fnMap":{"0":{"name":"(anonymous_0)","decl":{"start":{"line":6,"column":4},"end":{"line":6,"column":16}},"loc":{"start":{"line":6,"column":51},"end":{"line":10,"column":5}}}},"branchMap":{},"s":{"0":2,"1":2,"2":2,"3":1},"f":{"0":2},"b":{}}
,"C:\\Users\\Karen_Boyakhchyan\\Desktop\\full\\article_page\\server\\src\\exceptions\\messages.ts": {"path":"C:\\Users\\Karen_Boyakhchyan\\Desktop\\full\\article_page\\server\\src\\exceptions\\messages.ts","statementMap":{"0":{"start":{"line":1,"column":13},"end":{"line":8,"column":2}}},"fnMap":{},"branchMap":{},"s":{"0":1},"f":{},"b":{}}
,"C:\\Users\\Karen_Boyakhchyan\\Desktop\\full\\article_page\\server\\src\\exceptions\\statusCodes.ts": {"path":"C:\\Users\\Karen_Boyakhchyan\\Desktop\\full\\article_page\\server\\src\\exceptions\\statusCodes.ts","statementMap":{"0":{"start":{"line":1,"column":0},"end":{"line":1,"column":null}},"1":{"start":{"line":2,"column":2},"end":{"line":2,"column":null}},"2":{"start":{"line":3,"column":2},"end":{"line":3,"column":null}},"3":{"start":{"line":4,"column":2},"end":{"line":4,"column":null}},"4":{"start":{"line":5,"column":2},"end":{"line":5,"column":null}},"5":{"start":{"line":6,"column":2},"end":{"line":6,"column":null}},"6":{"start":{"line":7,"column":2},"end":{"line":7,"column":null}},"7":{"start":{"line":8,"column":2},"end":{"line":8,"column":null}},"8":{"start":{"line":11,"column":0},"end":{"line":11,"column":26}}},"fnMap":{"0":{"name":"(anonymous_0)","decl":{"start":{"line":1,"column":0},"end":{"line":1,"column":5}},"loc":{"start":{"line":1,"column":15},"end":{"line":9,"column":1}}}},"branchMap":{"0":{"loc":{"start":{"line":1,"column":5},"end":{"line":1,"column":null}},"type":"binary-expr","locations":[{"start":{"line":1,"column":5},"end":{"line":1,"column":15}},{"start":{"line":1,"column":5},"end":{"line":1,"column":null}}]}},"s":{"0":1,"1":1,"2":1,"3":1,"4":1,"5":1,"6":1,"7":1,"8":1},"f":{"0":1},"b":{"0":[1,1]}}
,"C:\\Users\\Karen_Boyakhchyan\\Desktop\\full\\article_page\\server\\src\\middlewares\\validate-request-schema.ts": {"path":"C:\\Users\\Karen_Boyakhchyan\\Desktop\\full\\article_page\\server\\src\\middlewares\\validate-request-schema.ts","statementMap":{"0":{"start":{"line":2,"column":0},"end":{"line":2,"column":53}},"1":{"start":{"line":9,"column":17},"end":{"line":9,"column":38}},"2":{"start":{"line":10,"column":2},"end":{"line":12,"column":null}},"3":{"start":{"line":11,"column":4},"end":{"line":11,"column":63}},"4":{"start":{"line":13,"column":2},"end":{"line":13,"column":9}},"5":{"start":{"line":4,"column":0},"end":{"line":4,"column":16}}},"fnMap":{"0":{"name":"validateRequestSchema","decl":{"start":{"line":4,"column":16},"end":{"line":4,"column":37}},"loc":{"start":{"line":7,"column":20},"end":{"line":14,"column":1}}}},"branchMap":{"0":{"loc":{"start":{"line":10,"column":2},"end":{"line":12,"column":null}},"type":"if","locations":[{"start":{"line":10,"column":2},"end":{"line":12,"column":null}}]}},"s":{"0":0,"1":0,"2":0,"3":0,"4":0,"5":0},"f":{"0":0},"b":{"0":[0]}}
,"C:\\Users\\Karen_Boyakhchyan\\Desktop\\full\\article_page\\server\\src\\routes\\articleRoutes.ts": {"path":"C:\\Users\\Karen_Boyakhchyan\\Desktop\\full\\article_page\\server\\src\\routes\\articleRoutes.ts","statementMap":{"0":{"start":{"line":1,"column":0},"end":{"line":1,"column":33}},"1":{"start":{"line":2,"column":0},"end":{"line":2,"column":67}},"2":{"start":{"line":3,"column":0},"end":{"line":3,"column":77}},"3":{"start":{"line":4,"column":0},"end":{"line":4,"column":72}},"4":{"start":{"line":7,"column":13},"end":{"line":7,"column":38}},"5":{"start":{"line":9,"column":0},"end":{"line":11,"column":93}},"6":{"start":{"line":13,"column":0},"end":{"line":16,"column":57}}},"fnMap":{},"branchMap":{},"s":{"0":0,"1":0,"2":0,"3":0,"4":0,"5":0,"6":0},"f":{},"b":{}}
,"C:\\Users\\Karen_Boyakhchyan\\Desktop\\full\\article_page\\server\\src\\services\\articles.ts": {"path":"C:\\Users\\Karen_Boyakhchyan\\Desktop\\full\\article_page\\server\\src\\services\\articles.ts","statementMap":{"0":{"start":{"line":2,"column":0},"end":{"line":2,"column":53}},"1":{"start":{"line":3,"column":0},"end":{"line":3,"column":46}},"2":{"start":{"line":7,"column":8},"end":{"line":11,"column":null}},"3":{"start":{"line":8,"column":12},"end":{"line":8,"column":56}},"4":{"start":{"line":10,"column":12},"end":{"line":10,"column":24}},"5":{"start":{"line":15,"column":8},"end":{"line":19,"column":null}},"6":{"start":{"line":16,"column":12},"end":{"line":16,"column":61}},"7":{"start":{"line":18,"column":12},"end":{"line":18,"column":24}},"8":{"start":{"line":23,"column":8},"end":{"line":28,"column":null}},"9":{"start":{"line":24,"column":28},"end":{"line":24,"column":76}},"10":{"start":{"line":25,"column":12},"end":{"line":25,"column":63}},"11":{"start":{"line":27,"column":12},"end":{"line":27,"column":24}},"12":{"start":{"line":32,"column":8},"end":{"line":40,"column":null}},"13":{"start":{"line":33,"column":28},"end":{"line":33,"column":69}},"14":{"start":{"line":34,"column":12},"end":{"line":37,"column":null}},"15":{"start":{"line":35,"column":16},"end":{"line":35,"column":92}},"16":{"start":{"line":36,"column":16},"end":{"line":36,"column":67}},"17":{"start":{"line":39,"column":12},"end":{"line":39,"column":24}},"18":{"start":{"line":44,"column":8},"end":{"line":57,"column":null}},"19":{"start":{"line":45,"column":28},"end":{"line":45,"column":69}},"20":{"start":{"line":46,"column":12},"end":{"line":54,"column":null}},"21":{"start":{"line":47,"column":16},"end":{"line":52,"column":null}},"22":{"start":{"line":53,"column":16},"end":{"line":53,"column":28}},"23":{"start":{"line":56,"column":12},"end":{"line":56,"column":24}},"24":{"start":{"line":4,"column":0},"end":{"line":4,"column":13}}},"fnMap":{"0":{"name":"(anonymous_7)","decl":{"start":{"line":6,"column":4},"end":{"line":6,"column":10}},"loc":{"start":{"line":6,"column":31},"end":{"line":12,"column":6}}},"1":{"name":"(anonymous_9)","decl":{"start":{"line":14,"column":4},"end":{"line":14,"column":10}},"loc":{"start":{"line":14,"column":45},"end":{"line":20,"column":6}}},"2":{"name":"(anonymous_11)","decl":{"start":{"line":22,"column":4},"end":{"line":22,"column":10}},"loc":{"start":{"line":22,"column":55},"end":{"line":29,"column":6}}},"3":{"name":"(anonymous_13)","decl":{"start":{"line":31,"column":4},"end":{"line":31,"column":10}},"loc":{"start":{"line":31,"column":67},"end":{"line":41,"column":6}}},"4":{"name":"(anonymous_15)","decl":{"start":{"line":43,"column":4},"end":{"line":43,"column":10}},"loc":{"start":{"line":43,"column":42},"end":{"line":58,"column":6}}}},"branchMap":{"0":{"loc":{"start":{"line":34,"column":12},"end":{"line":37,"column":null}},"type":"if","locations":[{"start":{"line":34,"column":12},"end":{"line":37,"column":null}}]},"1":{"loc":{"start":{"line":34,"column":15},"end":{"line":34,"column":83}},"type":"binary-expr","locations":[{"start":{"line":34,"column":15},"end":{"line":34,"column":22}},{"start":{"line":34,"column":26},"end":{"line":34,"column":83}}]},"2":{"loc":{"start":{"line":34,"column":26},"end":{"line":34,"column":49}},"type":"cond-expr","locations":[{"start":{"line":34,"column":41},"end":{"line":34,"column":43}},{"start":{"line":34,"column":41},"end":{"line":34,"column":49}}]},"3":{"loc":{"start":{"line":34,"column":26},"end":{"line":34,"column":43}},"type":"binary-expr","locations":[{"start":{"line":34,"column":26},"end":{"line":34,"column":43}},{"start":{"line":34,"column":41},"end":{"line":34,"column":43}}]},"4":{"loc":{"start":{"line":34,"column":54},"end":{"line":34,"column":81}},"type":"cond-expr","locations":[{"start":{"line":34,"column":73},"end":{"line":34,"column":75}},{"start":{"line":34,"column":73},"end":{"line":34,"column":81}}]},"5":{"loc":{"start":{"line":34,"column":54},"end":{"line":34,"column":75}},"type":"binary-expr","locations":[{"start":{"line":34,"column":54},"end":{"line":34,"column":75}},{"start":{"line":34,"column":73},"end":{"line":34,"column":75}}]},"6":{"loc":{"start":{"line":46,"column":12},"end":{"line":54,"column":null}},"type":"if","locations":[{"start":{"line":46,"column":12},"end":{"line":54,"column":null}}]}},"s":{"0":1,"1":1,"2":0,"3":0,"4":0,"5":0,"6":0,"7":0,"8":2,"9":2,"10":0,"11":2,"12":0,"13":0,"14":0,"15":0,"16":0,"17":0,"18":0,"19":0,"20":0,"21":0,"22":0,"23":0,"24":1},"f":{"0":0,"1":0,"2":2,"3":0,"4":0},"b":{"0":[0],"1":[0,0],"2":[0,0],"3":[0,0],"4":[0,0],"5":[0,0],"6":[0]}}
}
